<?xml version="1.0" encoding="UTF-8"?>
<!-- Generated by org.testng.reporters.JUnitXMLReporter -->
<testsuite hostname="LTgbalaji-2G7ZX" failures="0" tests="3" name="Parallel Tests" time="146.482" errors="0" timestamp="23 Aug 2022 03:21:16 GMT">
  <testcase classname="parallelTest.ChromeTest" name="ChromeTestMethod" time="5.956"/>
  <testcase classname="parallelTest.FireFoxTest" name="FirefoxTestMethod" time="70.918"/>
  <testcase classname="parallelTest.ChromeTest" name="ifconditiontest" time="131.853"/>
</testsuite> <!-- Parallel Tests -->
