<?xml version="1.0" encoding="UTF-8"?>
<testng-results ignored="0" total="2" passed="2" failed="0" skipped="0">
  <reporter-output>
  </reporter-output>
  <suite started-at="2022-09-17T10:13:15 IST" name="Default suite" finished-at="2022-09-17T10:13:15 IST" duration-ms="36">
    <groups>
    </groups>
    <test started-at="2022-09-17T10:13:15 IST" name="Default test" finished-at="2022-09-17T10:13:15 IST" duration-ms="36">
      <class name="firsttestngPackage.PrTest">
        <test-method is-config="true" signature="before_test()[pri:0, instance:firsttestngPackage.PrTest@6da21078]" started-at="2022-09-17T10:13:15 IST" name="before_test" finished-at="2022-09-17T10:13:15 IST" duration-ms="5" status="PASS">
          <reporter-output>
          </reporter-output>
        </test-method> <!-- before_test -->
        <test-method signature="test_one()[pri:1, instance:firsttestngPackage.PrTest@6da21078]" started-at="2022-09-17T10:13:15 IST" name="test_one" finished-at="2022-09-17T10:13:15 IST" duration-ms="4" status="PASS">
          <reporter-output>
          </reporter-output>
        </test-method> <!-- test_one -->
        <test-method signature="test_two()[pri:2, instance:firsttestngPackage.PrTest@6da21078]" started-at="2022-09-17T10:13:15 IST" name="test_two" finished-at="2022-09-17T10:13:15 IST" duration-ms="1" status="PASS">
          <reporter-output>
          </reporter-output>
        </test-method> <!-- test_two -->
        <test-method is-config="true" signature="after_test()[pri:0, instance:firsttestngPackage.PrTest@6da21078]" started-at="2022-09-17T10:13:15 IST" name="after_test" finished-at="2022-09-17T10:13:15 IST" duration-ms="0" status="PASS">
          <reporter-output>
          </reporter-output>
        </test-method> <!-- after_test -->
      </class> <!-- firsttestngPackage.PrTest -->
    </test> <!-- Default test -->
  </suite> <!-- Default suite -->
</testng-results>
