<?xml version="1.0" encoding="UTF-8"?>
<!-- Generated by org.testng.reporters.JUnitXMLReporter -->
<testsuite ignored="0" hostname="LTgbalaji-2G7ZX" failures="0" tests="4" name="test1" time="0.048" errors="0" timestamp="2022-08-09T08:28:16 IST">
  <testcase classname="testSuite.TestClass1" name="testCase2" time="0.007"/>
  <testcase classname="testSuite.TestClass1" name="testCase1" time="0.001"/>
  <testcase classname="testSuite.TestClass2" name="testCase4" time="0.002"/>
  <testcase classname="testSuite.TestClass2" name="testCase3" time="0.002"/>
</testsuite> <!-- test1 -->
