<?xml version="1.0" encoding="UTF-8"?>
<!-- Generated by org.testng.reporters.JUnitXMLReporter -->
<testsuite ignored="0" hostname="LTgbalaji-2G7ZX" failures="1" tests="3" name="Simple Reporter test" time="0.045" errors="0" timestamp="2022-08-09T08:57:52 IST">
  <testcase classname="customReport.Simpletest" name="testMethodTwo" time="0.006">
    <failure type="java.lang.AssertionError" message="expected [true] but found [false]">
      <![CDATA[java.lang.AssertionError: expected [true] but found [false]
at customReport.Simpletest.testMethodTwo(Simpletest.java:14)
at java.base/java.util.ArrayList.forEach(ArrayList.java:1511)
... Removed 31 stack frames]]>
    </failure>
  </testcase> <!-- testMethodTwo -->
  <testcase classname="customReport.Simpletest" name="testMethodOne" time="0.002"/>
  <testcase classname="customReport.Simpletest" name="testMethodThree" time="0.0">
    <skipped/>
  </testcase> <!-- testMethodThree -->
</testsuite> <!-- Simple Reporter test -->
