<?xml version="1.0" encoding="UTF-8"?>
<testng-results ignored="0" total="2" passed="2" failed="0" skipped="0">
  <reporter-output>
  </reporter-output>
  <suite started-at="2022-04-30T19:16:19 IST" name="Cucumber-Java-TestNG" finished-at="2022-04-30T19:16:48 IST" duration-ms="28231">
    <groups>
      <group name="cucumber">
        <method signature="AbstractTestNGCucumberTests.runScenario(io.cucumber.testng.PickleWrapper,io.cucumber.testng.FeatureWrapper)[pri:0, instance:testrunner.Runner@6fdbe764]" name="runScenario" class="io.cucumber.testng.AbstractTestNGCucumberTests"/>
      </group> <!-- cucumber -->
    </groups>
    <test started-at="2022-04-30T19:16:19 IST" name="test" finished-at="2022-04-30T19:16:48 IST" duration-ms="28231">
      <class name="testrunner.Runner">
        <test-method is-config="true" signature="setUpClass(org.testng.ITestContext)[pri:0, instance:testrunner.Runner@6fdbe764]" started-at="2022-04-30T19:16:19 IST" name="setUpClass" finished-at="2022-04-30T19:16:20 IST" duration-ms="641" status="PASS">
          <params>
            <param index="0">
              <value>
                <![CDATA[org.testng.TestRunner@45c9b3]]>
              </value>
            </param>
          </params>
          <reporter-output>
          </reporter-output>
        </test-method> <!-- setUpClass -->
        <test-method signature="runScenario(io.cucumber.testng.PickleWrapper,io.cucumber.testng.FeatureWrapper)[pri:0, instance:testrunner.Runner@6fdbe764]" started-at="2022-04-30T19:16:20 IST" name="runScenario" description="Runs Cucumber Scenarios" data-provider="scenarios" finished-at="2022-04-30T19:16:36 IST" duration-ms="15869" status="PASS">
          <params>
            <param index="0">
              <value>
                <![CDATA["Apple Airpods keyword tests"]]>
              </value>
            </param>
            <param index="1">
              <value>
                <![CDATA["Apple Airpods Web Page"]]>
              </value>
            </param>
          </params>
          <reporter-output>
          </reporter-output>
        </test-method> <!-- runScenario -->
        <test-method signature="runScenario(io.cucumber.testng.PickleWrapper,io.cucumber.testng.FeatureWrapper)[pri:0, instance:testrunner.Runner@6fdbe764]" started-at="2022-04-30T19:16:36 IST" name="runScenario" description="Runs Cucumber Scenarios" data-provider="scenarios" finished-at="2022-04-30T19:16:48 IST" duration-ms="11579" status="PASS">
          <params>
            <param index="0">
              <value>
                <![CDATA["Apple Airpods keyword tests"]]>
              </value>
            </param>
            <param index="1">
              <value>
                <![CDATA["Apple Airpods Web Page"]]>
              </value>
            </param>
          </params>
          <reporter-output>
          </reporter-output>
        </test-method> <!-- runScenario -->
        <test-method is-config="true" signature="tearDownClass()[pri:0, instance:testrunner.Runner@6fdbe764]" started-at="2022-04-30T19:16:48 IST" name="tearDownClass" finished-at="2022-04-30T19:16:48 IST" duration-ms="104" status="PASS">
          <reporter-output>
          </reporter-output>
        </test-method> <!-- tearDownClass -->
      </class> <!-- testrunner.Runner -->
    </test> <!-- test -->
  </suite> <!-- Cucumber-Java-TestNG -->
</testng-results>
