<?xml version="1.0" encoding="UTF-8"?>
<testsuite xmlns:xsi="http://www.w3.org/2001/XMLSchema-instance" xsi:noNamespaceSchemaLocation="https://maven.apache.org/surefire/maven-surefire-plugin/xsd/surefire-test-report-3.0.xsd" version="3.0" name="TestSuite" time="29.211" tests="2" errors="0" skipped="0" failures="0">
  <properties>
[...]
</properties>
  <testcase name="runScenario[&quot;Apple Airpods keyword tests&quot;, &quot;Apple Airpods Web Page&quot;](1)" classname="testrunner.Runner" time="15.869">
    <system-out><![CDATA[
@SmokeTest
Scenario Outline: Apple Airpods keyword tests        &amp#27;[90m# src/test/java/Features/applefeature.feature:16&amp#27;[0m
Before Hook Method Running....
  &amp#27;[32mGiven &amp#27;[0m&amp#27;[32muser is already on apple website&amp#27;[0m             &amp#27;[90m# stepdefinitions.AppleStepDefinitions.user_is_already_on_apple_website()&amp#27;[0m
  &amp#27;[32mWhen &amp#27;[0m&amp#27;[32mtitle is Apple&amp#27;[0m                                &amp#27;[90m# stepdefinitions.AppleStepDefinitions.title_is_iPad_Apple()&amp#27;[0m
  &amp#27;[32mThen &amp#27;[0m&amp#27;[32msearch for "&amp#27;[0m&amp#27;[32m&amp#27;[1mairpo&amp#27;[0m&amp#27;[32m"&amp#27;[0m                            &amp#27;[90m# stepdefinitions.AppleStepDefinitions.search_for_airpods_by_keyword(java.lang.String)&amp#27;[0m
Airpods Page title ::AirPods - Apple
  &amp#27;[32mWhen &amp#27;[0m&amp#27;[32mtitle is AirPods - Apple&amp#27;[0m                      &amp#27;[90m# stepdefinitions.AppleStepDefinitions.title_is_AirPods_Apple()&amp#27;[0m
Welcome to airpod official web page
  &amp#27;[32mThen &amp#27;[0m&amp#27;[32mprint welcome to the airpods official webpage&amp#27;[0m &amp#27;[90m# stepdefinitions.AppleStepDefinitions.print_message()&amp#27;[0m
After Hook Method Running....
]]></system-out>
    <system-err><![CDATA[SLF4J: Failed to load class "org.slf4j.impl.StaticLoggerBinder".
SLF4J: Defaulting to no-operation (NOP) logger implementation
SLF4J: See http://www.slf4j.org/codes.html#StaticLoggerBinder for further details.
Starting ChromeDriver 100.0.4896.60 (6a5d10861ce8de5fce22564658033b43cb7de047-refs/branch-heads/4896@{#875}) on port 53428
Only local connections are allowed.
Please see https://chromedriver.chromium.org/security-considerations for suggestions on keeping ChromeDriver safe.
ChromeDriver was started successfully.
Apr 30, 2022 7:16:24 PM org.openqa.selenium.remote.ProtocolHandshake createSession
INFO: Detected dialect: W3C
Apr 30, 2022 7:16:24 PM org.openqa.selenium.devtools.CdpVersionFinder findNearestMatch
WARNING: Unable to find an exact match for CDP version 100, so returning the closest version found: 99
Apr 30, 2022 7:16:24 PM org.openqa.selenium.devtools.CdpVersionFinder findNearestMatch
INFO: Found CDP implementation for version 100 of 99
]]></system-err>
  </testcase>
  <testcase name="runScenario[&quot;Apple Airpods keyword tests&quot;, &quot;Apple Airpods Web Page&quot;](2)" classname="testrunner.Runner" time="11.577">
    <system-out><![CDATA[
@SmokeTest
Scenario Outline: Apple Airpods keyword tests        &amp#27;[90m# src/test/java/Features/applefeature.feature:17&amp#27;[0m
Before Hook Method Running....
  &amp#27;[32mGiven &amp#27;[0m&amp#27;[32muser is already on apple website&amp#27;[0m             &amp#27;[90m# stepdefinitions.AppleStepDefinitions.user_is_already_on_apple_website()&amp#27;[0m
  &amp#27;[32mWhen &amp#27;[0m&amp#27;[32mtitle is Apple&amp#27;[0m                                &amp#27;[90m# stepdefinitions.AppleStepDefinitions.title_is_iPad_Apple()&amp#27;[0m
  &amp#27;[32mThen &amp#27;[0m&amp#27;[32msearch for "&amp#27;[0m&amp#27;[32m&amp#27;[1mAIRPO&amp#27;[0m&amp#27;[32m"&amp#27;[0m                            &amp#27;[90m# stepdefinitions.AppleStepDefinitions.search_for_airpods_by_keyword(java.lang.String)&amp#27;[0m
Airpods Page title ::AirPods - Apple
  &amp#27;[32mWhen &amp#27;[0m&amp#27;[32mtitle is AirPods - Apple&amp#27;[0m                      &amp#27;[90m# stepdefinitions.AppleStepDefinitions.title_is_AirPods_Apple()&amp#27;[0m
Welcome to airpod official web page
  &amp#27;[32mThen &amp#27;[0m&amp#27;[32mprint welcome to the airpods official webpage&amp#27;[0m &amp#27;[90m# stepdefinitions.AppleStepDefinitions.print_message()&amp#27;[0m
After Hook Method Running....
]]></system-out>
    <system-err><![CDATA[Starting ChromeDriver 100.0.4896.60 (6a5d10861ce8de5fce22564658033b43cb7de047-refs/branch-heads/4896@{#875}) on port 58726
Only local connections are allowed.
Please see https://chromedriver.chromium.org/security-considerations for suggestions on keeping ChromeDriver safe.
ChromeDriver was started successfully.
Apr 30, 2022 7:16:38 PM org.openqa.selenium.remote.ProtocolHandshake createSession
INFO: Detected dialect: W3C
Apr 30, 2022 7:16:38 PM org.openqa.selenium.devtools.CdpVersionFinder findNearestMatch
WARNING: Unable to find an exact match for CDP version 100, so returning the closest version found: 99
Apr 30, 2022 7:16:38 PM org.openqa.selenium.devtools.CdpVersionFinder findNearestMatch
INFO: Found CDP implementation for version 100 of 99
]]></system-err>
  </testcase>
</testsuite>